<?xml version="1.0" encoding="UTF-8"?>
<testsuite name="app.config.JsonConfigurationTest" tests="1" skipped="0" failures="0" errors="0" timestamp="2022-06-11T19:44:44" hostname="DESKTOP-8FRNS76" time="0.006">
  <properties/>
  <testcase name="getConfig()" classname="app.config.JsonConfigurationTest" time="0.006"/>
  <system-out><![CDATA[]]></system-out>
  <system-err><![CDATA[]]></system-err>
</testsuite>
